

Microchip MPLAB XC8 Assembler V2.36 build 20220127204148 
                                                                                               Fri Jun 10 23:18:02 2022

Microchip MPLAB XC8 C Compiler v2.36 (Free license) build 20220127204148 Og1 
     1                           	processor	18F46K22
     2                           	fnconf	rparam,??,?,0
     3                           	pagewidth 120
     4                           	opt	flic
     5                           	psect	cinit,global,reloc=2,class=CODE,delta=1
     6                           	psect	bssCOMRAM,global,class=COMRAM,space=1,delta=1,lowdata,noexec
     7                           	psect	cstackCOMRAM,global,class=COMRAM,space=1,delta=1,lowdata,noexec
     8                           	psect	text0,global,reloc=2,class=CODE,delta=1
     9                           	psect	text1,global,reloc=2,class=CODE,delta=1
    10                           	psect	text2,global,reloc=2,class=CODE,delta=1
    11                           	psect	text3,global,reloc=2,class=CODE,delta=1
    12                           	psect	text4,global,reloc=2,class=CODE,delta=1
    13                           	psect	intcode,global,reloc=2,class=CODE,delta=1
    14                           	psect	text6,global,reloc=2,class=CODE,delta=1
    15                           	psect	intsave_regs,global,class=BIGRAM,space=1,delta=1,noexec
    16                           	psect	rparam,global,class=COMRAM,space=1,delta=1,noexec
    17                           	psect	temp,global,ovrld,common,class=COMRAM,space=1,delta=1
    18                           	psect	idloc,global,abs,ovrld,class=IDLOC,space=5,delta=1,noexec
    19                           	psect	config,global,abs,ovrld,class=CONFIG,space=4,delta=1,noexec
    20  0000                     
    21                           ; Version 2.40
    22                           ; Generated 17/11/2021 GMT
    23                           ; 
    24                           ; Copyright © 2021, Microchip Technology Inc. and its subsidiaries ("Microchip")
    25                           ; All rights reserved.
    26                           ; 
    27                           ; This software is developed by Microchip Technology Inc. and its subsidiaries ("Microch
      +                          ip").
    28                           ; 
    29                           ; Redistribution and use in source and binary forms, with or without modification, are
    30                           ; permitted provided that the following conditions are met:
    31                           ; 
    32                           ;     1. Redistributions of source code must retain the above copyright notice, this lis
      +                          t of
    33                           ;        conditions and the following disclaimer.
    34                           ; 
    35                           ;     2. Redistributions in binary form must reproduce the above copyright notice, this 
      +                          list
    36                           ;        of conditions and the following disclaimer in the documentation and/or other
    37                           ;        materials provided with the distribution. Publication is not required when
    38                           ;        this file is used in an embedded application.
    39                           ; 
    40                           ;     3. Microchip's name may not be used to endorse or promote products derived from th
      +                          is
    41                           ;        software without specific prior written permission.
    42                           ; 
    43                           ; THIS SOFTWARE IS PROVIDED BY MICROCHIP "AS IS" AND ANY EXPRESS OR IMPLIED WARRANTIES,
    44                           ; INCLUDING, BUT NOT LIMITED TO, THE IMPLIED WARRANTIES OF MERCHANTABILITY AND FITNESS F
      +                          OR
    45                           ; PURPOSE ARE DISCLAIMED.  IN NO EVENT SHALL MICROCHIP BE LIABLE FOR ANY DIRECT, INDIREC
      +                          T,
    46                           ; INCIDENTAL, SPECIAL, EXEMPLARY, OR CONSEQUENTIAL DAMAGES (INCLUDING BUT NOT LIMITED TO
    47                           ; PROCUREMENT OF SUBSTITUTE GOODS OR SERVICES; LOSS OF USE, DATA OR PROFITS; OR BUSINESS
    48                           ; INTERRUPTION) HOWSOEVER CAUSED AND ON ANY THEORY OF LIABILITY, WHETHER IN CONTRACT, ST
      +                          RICT
    49                           ; LIABILITY, OR TORT (INCLUDING NEGLIGENCE OR OTHERWISE) ARISING IN ANY WAY OUT OF THE U
      +                          SE OF
    50                           ; THIS SOFTWARE, EVEN IF ADVISED OF THE POSSIBILITY OF SUCH DAMAGE.
    51                           ; 
    52                           ; 
    53                           ; Code-generator required, PIC18F46K22 Definitions
    54                           ; 
    55                           ; SFR Addresses
    56  0000                     _TRISBbits	set	3987
    57  0000                     _RCREG1	set	4014
    58  0000                     _TXREG1	set	4013
    59  0000                     _RCSTA2bits	set	3953
    60  0000                     _TRISCbits	set	3988
    61  0000                     _SPBRG1	set	4015
    62  0000                     _BAUDCON1bits	set	4024
    63  0000                     _TRISD	set	3989
    64  0000                     _SSP1STATbits	set	4039
    65  0000                     _TRISDbits	set	3989
    66  0000                     _BAUDCON2bits	set	3952
    67  0000                     _TXSTA2bits	set	3954
    68  0000                     _ANSELE	set	3900
    69  0000                     _ANSELD	set	3899
    70  0000                     _ANSELC	set	3898
    71  0000                     _ANSELB	set	3897
    72  0000                     _ANSELA	set	3896
    73  0000                     _CM2CON0bits	set	3960
    74  0000                     _CM1CON0bits	set	3961
    75  0000                     _PORTA	set	3968
    76  0000                     _TRISA	set	3986
    77  0000                     _RCSTA1bits	set	4011
    78  0000                     _TXSTA1bits	set	4012
    79  0000                     _RC1IE	set	31981
    80  0000                     _PORTBbits	set	3969
    81  0000                     _PORTD	set	3971
    82  0000                     _LATBbits	set	3978
    83  0000                     _ADCON1	set	4033
    84  0000                     _ADCON0	set	4034
    85  0000                     _SSP1CON1	set	4038
    86  0000                     _SSP1STAT	set	4039
    87  0000                     _IPEN	set	32391
    88  0000                     _TXREG2	set	3955
    89  0000                     _SPBRG2	set	3957
    90  0000                     _SPBRGH1	set	4016
    91  0000                     _SPBRGH2	set	3958
    92  0000                     _INTCON	set	4082
    93  0000                     _RC1IF	set	31989
    94  0000                     _SSP1BUF	set	4041
    95                           
    96                           ; #config settings
    97                           
    98                           	psect	cinit
    99  00031C                     __pcinit:
   100                           	callstack 0
   101  00031C                     start_initialization:
   102                           	callstack 0
   103  00031C                     __initialization:
   104                           	callstack 0
   105                           
   106                           ; Clear objects allocated to COMRAM (6 bytes)
   107  00031C  6A06               	clrf	(__pbssCOMRAM+5)& (0+255),c
   108  00031E  6A05               	clrf	(__pbssCOMRAM+4)& (0+255),c
   109  000320  6A04               	clrf	(__pbssCOMRAM+3)& (0+255),c
   110  000322  6A03               	clrf	(__pbssCOMRAM+2)& (0+255),c
   111  000324  6A02               	clrf	(__pbssCOMRAM+1)& (0+255),c
   112  000326  6A01               	clrf	__pbssCOMRAM& (0+255),c
   113  000328                     end_of_initialization:
   114                           	callstack 0
   115  000328                     __end_of__initialization:
   116                           	callstack 0
   117  000328  900C               	bcf	int$flags,0,c	;clear compiler interrupt flag (level 1)
   118  00032A  920C               	bcf	int$flags,1,c	;clear compiler interrupt flag (level 2)
   119  00032C  0100               	movlb	0
   120  00032E  EF2B  F000         	goto	_main	;jump to C main() function
   121                           
   122                           	psect	bssCOMRAM
   123  000001                     __pbssCOMRAM:
   124                           	callstack 0
   125  000001                     _z:
   126                           	callstack 0
   127  000001                     	ds	2
   128  000003                     _x:
   129                           	callstack 0
   130  000003                     	ds	1
   131  000004                     _a:
   132                           	callstack 0
   133  000004                     	ds	1
   134  000005                     _b:
   135                           	callstack 0
   136  000005                     	ds	1
   137  000006                     _y:
   138                           	callstack 0
   139  000006                     	ds	1
   140                           
   141                           	psect	cstackCOMRAM
   142  000007                     __pcstackCOMRAM:
   143                           	callstack 0
   144  000007                     tx1@data1:
   145                           	callstack 0
   146                           
   147                           ; 1 bytes @ 0x0
   148  000007                     	ds	1
   149  000008                     tx2@data2:
   150                           	callstack 0
   151  000008                     spi_data@tx_data:
   152                           	callstack 0
   153                           
   154                           ; 1 bytes @ 0x1
   155  000008                     	ds	1
   156  000009                     spi_data@data_read:
   157                           	callstack 0
   158                           
   159                           ; 1 bytes @ 0x2
   160  000009                     	ds	1
   161  00000A                     spi_data@device:
   162                           	callstack 0
   163                           
   164                           ; 1 bytes @ 0x3
   165  00000A                     	ds	1
   166  00000B                     ??_main:
   167                           
   168                           ; 1 bytes @ 0x4
   169  00000B                     	ds	1
   170                           
   171 ;;
   172 ;;Main: autosize = 0, tempsize = 1, incstack = 0, save=0
   173 ;;
   174 ;; *************** function _main *****************
   175 ;; Defined at:
   176 ;;		line 18 in file "main.c"
   177 ;; Parameters:    Size  Location     Type
   178 ;;		None
   179 ;; Auto vars:     Size  Location     Type
   180 ;;		None
   181 ;; Return value:  Size  Location     Type
   182 ;;                  1    wreg      void 
   183 ;; Registers used:
   184 ;;		wreg, status,2, status,0, cstack
   185 ;; Tracked objects:
   186 ;;		On entry : 0/0
   187 ;;		On exit  : 0/0
   188 ;;		Unchanged: 0/0
   189 ;; Data sizes:     COMRAM   BANK0   BANK1   BANK2   BANK3   BANK4   BANK5   BANK6   BANK7   BANK8   BANK9  BANK10  BANK1
      +1  BANK12  BANK13  BANK14  BANK15
   190 ;;      Params:         0       0       0       0       0       0       0       0       0       0       0       0       
      +0       0       0       0       0
   191 ;;      Locals:         0       0       0       0       0       0       0       0       0       0       0       0       
      +0       0       0       0       0
   192 ;;      Temps:          1       0       0       0       0       0       0       0       0       0       0       0       
      +0       0       0       0       0
   193 ;;      Totals:         1       0       0       0       0       0       0       0       0       0       0       0       
      +0       0       0       0       0
   194 ;;Total ram usage:        1 bytes
   195 ;; Hardware stack levels required when called: 3
   196 ;; This function calls:
   197 ;;		_spi_data
   198 ;;		_spi_master_init
   199 ;;		_tx2
   200 ;;		_uart_init
   201 ;; This function is called by:
   202 ;;		Startup code after reset
   203 ;; This function uses a non-reentrant model
   204 ;;
   205                           
   206                           	psect	text0
   207  000056                     __ptext0:
   208                           	callstack 0
   209  000056                     _main:
   210                           	callstack 28
   211  000056                     
   212                           ;main.c: 20:     CM1CON0bits.C1ON=0;
   213  000056  9E79               	bcf	121,7,c	;volatile
   214                           
   215                           ;main.c: 21:     CM2CON0bits.C2ON=0;
   216  000058  9E78               	bcf	120,7,c	;volatile
   217  00005A                     
   218                           ;main.c: 22:     spi_master_init();
   219  00005A  EC7A  F001         	call	_spi_master_init	;wreg free
   220  00005E                     
   221                           ;main.c: 23:     uart_init();
   222  00005E  EC52  F001         	call	_uart_init	;wreg free
   223  000062                     
   224                           ;main.c: 24:     TRISA=0;
   225  000062  0E00               	movlw	0
   226  000064  6E92               	movwf	146,c	;volatile
   227  000066                     
   228                           ;main.c: 25:     TRISD=0;
   229  000066  0E00               	movlw	0
   230  000068  6E95               	movwf	149,c	;volatile
   231  00006A                     
   232                           ;main.c: 26:     PORTA=0;
   233  00006A  0E00               	movlw	0
   234  00006C  6E80               	movwf	128,c	;volatile
   235  00006E                     
   236                           ;main.c: 27:     PORTD=0b00000001;
   237  00006E  0E01               	movlw	1
   238  000070  6E83               	movwf	131,c	;volatile
   239  000072                     
   240                           ;main.c: 28:     _delay((unsigned long)((10)*(64000000/4000.0)));
   241  000072  0ED0               	movlw	208
   242  000074  6E0B               	movwf	??_main^0,c
   243  000076  0ECA               	movlw	202
   244  000078                     u397:
   245  000078  2EE8               	decfsz	wreg,f,c
   246  00007A  D7FE               	bra	u397
   247  00007C  2E0B               	decfsz	??_main^0,f,c
   248  00007E  D7FC               	bra	u397
   249  000080                     
   250                           ;main.c: 29:     _delay((unsigned long)((5)*(64000000/4000.0)));
   251  000080  0E68               	movlw	104
   252  000082  6E0B               	movwf	??_main^0,c
   253  000084  0EE4               	movlw	228
   254  000086                     u407:
   255  000086  2EE8               	decfsz	wreg,f,c
   256  000088  D7FE               	bra	u407
   257  00008A  2E0B               	decfsz	??_main^0,f,c
   258  00008C  D7FC               	bra	u407
   259  00008E  D000               	nop2	
   260  000090                     
   261                           ;main.c: 30:     PORTD=0;
   262  000090  0E00               	movlw	0
   263  000092  6E83               	movwf	131,c	;volatile
   264  000094                     
   265                           ;main.c: 31:     x=spi_data(3,0x6F);
   266  000094  0E6F               	movlw	111
   267  000096  6E08               	movwf	spi_data@tx_data^0,c
   268  000098  0E03               	movlw	3
   269  00009A  ECF1  F000         	call	_spi_data
   270  00009E  6E03               	movwf	_x^0,c
   271  0000A0  EF69  F000         	goto	l38
   272  0000A4                     l1130:
   273                           
   274                           ;main.c: 36:         {;main.c: 37:             z++;
   275  0000A4  4A01               	infsnz	_z^0,f,c	;volatile
   276  0000A6  2A02               	incf	(_z+1)^0,f,c	;volatile
   277  0000A8                     
   278                           ;main.c: 38:             if(z==65530)
   279  0000A8  0EFA               	movlw	250
   280  0000AA  1801               	xorwf	_z^0,w,c	;volatile
   281  0000AC  E106               	bnz	u281
   282  0000AE  2802               	incf	(_z+1)^0,w,c	;volatile
   283  0000B0  A4D8               	btfss	status,2,c
   284  0000B2  EF5D  F000         	goto	u281
   285  0000B6  EF5F  F000         	goto	u280
   286  0000BA                     u281:
   287  0000BA  EF69  F000         	goto	l38
   288  0000BE                     u280:
   289  0000BE                     
   290                           ;main.c: 39:             {;main.c: 40:                 y=0x6F;
   291  0000BE  0E6F               	movlw	111
   292  0000C0  6E06               	movwf	_y^0,c	;volatile
   293                           
   294                           ;main.c: 41:                 z=0;
   295  0000C2  0E00               	movlw	0
   296  0000C4  6E02               	movwf	(_z+1)^0,c	;volatile
   297  0000C6  0E00               	movlw	0
   298  0000C8  6E01               	movwf	_z^0,c	;volatile
   299                           
   300                           ;main.c: 42:                 b=1;
   301  0000CA  0E01               	movlw	1
   302  0000CC  6E05               	movwf	_b^0,c	;volatile
   303                           
   304                           ;main.c: 43:                 a=0;
   305  0000CE  0E00               	movlw	0
   306  0000D0  6E04               	movwf	_a^0,c	;volatile
   307  0000D2                     l38:
   308                           
   309                           ;main.c: 35:         while(b==0)
   310  0000D2  5005               	movf	_b^0,w,c	;volatile
   311  0000D4  B4D8               	btfsc	status,2,c
   312  0000D6  EF6F  F000         	goto	u291
   313  0000DA  EF71  F000         	goto	u290
   314  0000DE                     u291:
   315  0000DE  EF52  F000         	goto	l1130
   316  0000E2                     u290:
   317  0000E2                     
   318                           ;main.c: 47:         x=spi_data(3,y);
   319  0000E2  C006  F008         	movff	_y,spi_data@tx_data	;volatile
   320  0000E6  0E03               	movlw	3
   321  0000E8  ECF1  F000         	call	_spi_data
   322  0000EC  6E03               	movwf	_x^0,c
   323  0000EE                     
   324                           ;main.c: 48:         tx2(y);
   325  0000EE  5006               	movf	_y^0,w,c	;volatile
   326  0000F0  EC99  F001         	call	_tx2
   327  0000F4                     
   328                           ;main.c: 50:         if(y==0x61)
   329  0000F4  0E61               	movlw	97
   330  0000F6  1806               	xorwf	_y^0,w,c	;volatile
   331  0000F8  A4D8               	btfss	status,2,c
   332  0000FA  EF81  F000         	goto	u301
   333  0000FE  EF83  F000         	goto	u300
   334  000102                     u301:
   335  000102  EF87  F000         	goto	l1144
   336  000106                     u300:
   337  000106                     
   338                           ;main.c: 51:         {;main.c: 52:             PORTA=0b00000001;
   339  000106  0E01               	movlw	1
   340  000108  6E80               	movwf	128,c	;volatile
   341                           
   342                           ;main.c: 53:         }
   343  00010A  EFD9  F000         	goto	l1172
   344  00010E                     l1144:
   345  00010E  0E64               	movlw	100
   346  000110  1806               	xorwf	_y^0,w,c	;volatile
   347  000112  A4D8               	btfss	status,2,c
   348  000114  EF8E  F000         	goto	u311
   349  000118  EF90  F000         	goto	u310
   350  00011C                     u311:
   351  00011C  EF94  F000         	goto	l1148
   352  000120                     u310:
   353  000120                     
   354                           ;main.c: 56:         {;main.c: 57:             PORTA=0b00000010;
   355  000120  0E02               	movlw	2
   356  000122  6E80               	movwf	128,c	;volatile
   357                           
   358                           ;main.c: 58:         }
   359  000124  EFD9  F000         	goto	l1172
   360  000128                     l1148:
   361  000128  0E77               	movlw	119
   362  00012A  1806               	xorwf	_y^0,w,c	;volatile
   363  00012C  A4D8               	btfss	status,2,c
   364  00012E  EF9B  F000         	goto	u321
   365  000132  EF9D  F000         	goto	u320
   366  000136                     u321:
   367  000136  EFA1  F000         	goto	l1152
   368  00013A                     u320:
   369  00013A                     
   370                           ;main.c: 61:         {;main.c: 62:             PORTA=0b00000100;
   371  00013A  0E04               	movlw	4
   372  00013C  6E80               	movwf	128,c	;volatile
   373                           
   374                           ;main.c: 63:         }
   375  00013E  EFD9  F000         	goto	l1172
   376  000142                     l1152:
   377  000142  0E71               	movlw	113
   378  000144  1806               	xorwf	_y^0,w,c	;volatile
   379  000146  A4D8               	btfss	status,2,c
   380  000148  EFA8  F000         	goto	u331
   381  00014C  EFAA  F000         	goto	u330
   382  000150                     u331:
   383  000150  EFBF  F000         	goto	l1160
   384  000154                     u330:
   385  000154                     
   386                           ;main.c: 66:         {;main.c: 67:             PORTD=0b00000001;
   387  000154  0E01               	movlw	1
   388  000156  6E83               	movwf	131,c	;volatile
   389  000158                     l1156:
   390                           
   391                           ;main.c: 68:             _delay((unsigned long)((10)*(64000000/4000.0)));
   392  000158  0ED0               	movlw	208
   393  00015A  6E0B               	movwf	??_main^0,c
   394  00015C  0ECA               	movlw	202
   395  00015E                     u417:
   396  00015E  2EE8               	decfsz	wreg,f,c
   397  000160  D7FE               	bra	u417
   398  000162  2E0B               	decfsz	??_main^0,f,c
   399  000164  D7FC               	bra	u417
   400  000166                     
   401                           ;main.c: 69:             _delay((unsigned long)((5)*(64000000/4000.0)));
   402  000166  0E68               	movlw	104
   403  000168  6E0B               	movwf	??_main^0,c
   404  00016A  0EE4               	movlw	228
   405  00016C                     u427:
   406  00016C  2EE8               	decfsz	wreg,f,c
   407  00016E  D7FE               	bra	u427
   408  000170  2E0B               	decfsz	??_main^0,f,c
   409  000172  D7FC               	bra	u427
   410  000174  D000               	nop2	
   411                           
   412                           ;main.c: 70:             PORTD=0;
   413  000176  0E00               	movlw	0
   414  000178  6E83               	movwf	131,c	;volatile
   415                           
   416                           ;main.c: 71:         }
   417  00017A  EFD9  F000         	goto	l1172
   418  00017E                     l1160:
   419  00017E  0E65               	movlw	101
   420  000180  1806               	xorwf	_y^0,w,c	;volatile
   421  000182  A4D8               	btfss	status,2,c
   422  000184  EFC6  F000         	goto	u341
   423  000188  EFC8  F000         	goto	u340
   424  00018C                     u341:
   425  00018C  EFCC  F000         	goto	l1168
   426  000190                     u340:
   427  000190                     
   428                           ;main.c: 74:         {;main.c: 75:             PORTD=0b00000010;
   429  000190  0E02               	movlw	2
   430  000192  6E83               	movwf	131,c	;volatile
   431  000194  EFAC  F000         	goto	l1156
   432  000198                     l1168:
   433  000198  0E6F               	movlw	111
   434  00019A  1806               	xorwf	_y^0,w,c	;volatile
   435  00019C  A4D8               	btfss	status,2,c
   436  00019E  EFD3  F000         	goto	u351
   437  0001A2  EFD5  F000         	goto	u350
   438  0001A6                     u351:
   439  0001A6  EFD9  F000         	goto	l47
   440  0001AA                     u350:
   441  0001AA                     
   442                           ;main.c: 82:         {;main.c: 83:             PORTA=0b00000111;
   443  0001AA  0E07               	movlw	7
   444  0001AC  6E80               	movwf	128,c	;volatile
   445  0001AE  EFD9  F000         	goto	l1172
   446  0001B2                     l47:
   447  0001B2                     l1172:
   448                           
   449                           ;main.c: 86:         z++;
   450  0001B2  4A01               	infsnz	_z^0,f,c	;volatile
   451  0001B4  2A02               	incf	(_z+1)^0,f,c	;volatile
   452  0001B6                     
   453                           ;main.c: 87:         if(z==35530)
   454  0001B6  0ECA               	movlw	202
   455  0001B8  1801               	xorwf	_z^0,w,c	;volatile
   456  0001BA  E107               	bnz	u361
   457  0001BC  0E8A               	movlw	138
   458  0001BE  1802               	xorwf	(_z+1)^0,w,c	;volatile
   459  0001C0  A4D8               	btfss	status,2,c
   460  0001C2  EFE5  F000         	goto	u361
   461  0001C6  EFE7  F000         	goto	u360
   462  0001CA                     u361:
   463  0001CA  EF69  F000         	goto	l38
   464  0001CE                     u360:
   465  0001CE                     
   466                           ;main.c: 88:         {;main.c: 89:             y=0x6F;
   467  0001CE  0E6F               	movlw	111
   468  0001D0  6E06               	movwf	_y^0,c	;volatile
   469                           
   470                           ;main.c: 90:             z=0;
   471  0001D2  0E00               	movlw	0
   472  0001D4  6E02               	movwf	(_z+1)^0,c	;volatile
   473  0001D6  0E00               	movlw	0
   474  0001D8  6E01               	movwf	_z^0,c	;volatile
   475  0001DA  EF69  F000         	goto	l38
   476  0001DE  EF29  F000         	goto	start
   477  0001E2                     __end_of_main:
   478                           	callstack 0
   479                           
   480 ;; *************** function _uart_init *****************
   481 ;; Defined at:
   482 ;;		line 15 in file "uart.c"
   483 ;; Parameters:    Size  Location     Type
   484 ;;		None
   485 ;; Auto vars:     Size  Location     Type
   486 ;;		None
   487 ;; Return value:  Size  Location     Type
   488 ;;                  1    wreg      void 
   489 ;; Registers used:
   490 ;;		wreg, status,2, status,0
   491 ;; Tracked objects:
   492 ;;		On entry : 0/0
   493 ;;		On exit  : 0/0
   494 ;;		Unchanged: 0/0
   495 ;; Data sizes:     COMRAM   BANK0   BANK1   BANK2   BANK3   BANK4   BANK5   BANK6   BANK7   BANK8   BANK9  BANK10  BANK1
      +1  BANK12  BANK13  BANK14  BANK15
   496 ;;      Params:         0       0       0       0       0       0       0       0       0       0       0       0       
      +0       0       0       0       0
   497 ;;      Locals:         0       0       0       0       0       0       0       0       0       0       0       0       
      +0       0       0       0       0
   498 ;;      Temps:          0       0       0       0       0       0       0       0       0       0       0       0       
      +0       0       0       0       0
   499 ;;      Totals:         0       0       0       0       0       0       0       0       0       0       0       0       
      +0       0       0       0       0
   500 ;;Total ram usage:        0 bytes
   501 ;; Hardware stack levels used: 1
   502 ;; Hardware stack levels required when called: 2
   503 ;; This function calls:
   504 ;;		Nothing
   505 ;; This function is called by:
   506 ;;		_main
   507 ;; This function uses a non-reentrant model
   508 ;;
   509                           
   510                           	psect	text1
   511  0002A4                     __ptext1:
   512                           	callstack 0
   513  0002A4                     _uart_init:
   514                           	callstack 28
   515  0002A4                     
   516                           ;uart.c: 17:     ANSELA=0;
   517  0002A4  0E00               	movlw	0
   518  0002A6  010F               	movlb	15	; () banked
   519  0002A8  6F38               	movwf	56,b	;volatile
   520                           
   521                           ;uart.c: 18:     ANSELB=0;
   522  0002AA  0E00               	movlw	0
   523  0002AC  6F39               	movwf	57,b	;volatile
   524                           
   525                           ;uart.c: 19:     ANSELC=0;
   526  0002AE  0E00               	movlw	0
   527  0002B0  6F3A               	movwf	58,b	;volatile
   528                           
   529                           ;uart.c: 20:     ANSELD=0;
   530  0002B2  0E00               	movlw	0
   531  0002B4  6F3B               	movwf	59,b	;volatile
   532                           
   533                           ;uart.c: 21:     ANSELE=0;
   534  0002B6  0E00               	movlw	0
   535  0002B8  6F3C               	movwf	60,b	;volatile
   536  0002BA                     
   537                           ; BSR set to: 15
   538                           ;uart.c: 22:     TXSTA1bits.BRGH=1;
   539  0002BA  84AC               	bsf	172,2,c	;volatile
   540  0002BC                     
   541                           ; BSR set to: 15
   542                           ;uart.c: 23:     BAUDCON1bits.BRG16=1;
   543  0002BC  86B8               	bsf	184,3,c	;volatile
   544  0002BE                     
   545                           ; BSR set to: 15
   546                           ;uart.c: 24:     TXSTA2bits.BRGH=1;
   547  0002BE  8472               	bsf	114,2,c	;volatile
   548  0002C0                     
   549                           ; BSR set to: 15
   550                           ;uart.c: 25:     BAUDCON2bits.BRG16=1;
   551  0002C0  8670               	bsf	112,3,c	;volatile
   552                           
   553                           ;uart.c: 26:     SPBRG1=0x0A;
   554  0002C2  0E0A               	movlw	10
   555  0002C4  6EAF               	movwf	175,c	;volatile
   556                           
   557                           ;uart.c: 27:     SPBRGH1=0x1A;
   558  0002C6  0E1A               	movlw	26
   559  0002C8  6EB0               	movwf	176,c	;volatile
   560                           
   561                           ;uart.c: 31:     SPBRG2=0x82;
   562  0002CA  0E82               	movlw	130
   563  0002CC  6E75               	movwf	117,c	;volatile
   564                           
   565                           ;uart.c: 32:     SPBRGH2=0x06;
   566  0002CE  0E06               	movlw	6
   567  0002D0  6E76               	movwf	118,c	;volatile
   568  0002D2                     
   569                           ; BSR set to: 15
   570                           ;uart.c: 33:     TRISCbits.RC6=1;
   571  0002D2  8C94               	bsf	148,6,c	;volatile
   572  0002D4                     
   573                           ; BSR set to: 15
   574                           ;uart.c: 34:     TRISCbits.RC7=1;
   575  0002D4  8E94               	bsf	148,7,c	;volatile
   576  0002D6                     
   577                           ; BSR set to: 15
   578                           ;uart.c: 35:     TRISDbits.RD6=1;
   579  0002D6  8C95               	bsf	149,6,c	;volatile
   580  0002D8                     
   581                           ; BSR set to: 15
   582                           ;uart.c: 36:     TRISDbits.RD7=1;
   583  0002D8  8E95               	bsf	149,7,c	;volatile
   584  0002DA                     
   585                           ; BSR set to: 15
   586                           ;uart.c: 37:     TXSTA1bits.SYNC=0;
   587  0002DA  98AC               	bcf	172,4,c	;volatile
   588  0002DC                     
   589                           ; BSR set to: 15
   590                           ;uart.c: 38:     TXSTA2bits.SYNC=0;
   591  0002DC  9872               	bcf	114,4,c	;volatile
   592  0002DE                     
   593                           ; BSR set to: 15
   594                           ;uart.c: 39:     RCSTA1bits.SPEN=1;
   595  0002DE  8EAB               	bsf	171,7,c	;volatile
   596  0002E0                     
   597                           ; BSR set to: 15
   598                           ;uart.c: 40:     RCSTA2bits.SPEN=1;
   599  0002E0  8E71               	bsf	113,7,c	;volatile
   600  0002E2                     
   601                           ; BSR set to: 15
   602                           ;uart.c: 41:     TXSTA1bits.TXEN=1;
   603  0002E2  8AAC               	bsf	172,5,c	;volatile
   604  0002E4                     
   605                           ; BSR set to: 15
   606                           ;uart.c: 42:     TXSTA2bits.TXEN=1;
   607  0002E4  8A72               	bsf	114,5,c	;volatile
   608  0002E6                     
   609                           ; BSR set to: 15
   610                           ;uart.c: 43:     IPEN=0;
   611  0002E6  9ED0               	bcf	4048,7,c	;volatile
   612  0002E8                     
   613                           ; BSR set to: 15
   614                           ;uart.c: 44:     RC1IE=1;
   615  0002E8  8A9D               	bsf	3997,5,c	;volatile
   616  0002EA                     
   617                           ; BSR set to: 15
   618                           ;uart.c: 45:     INTCON|=0b11000000;
   619  0002EA  0EC0               	movlw	192
   620  0002EC  12F2               	iorwf	242,f,c	;volatile
   621  0002EE                     
   622                           ; BSR set to: 15
   623                           ;uart.c: 46:     RCSTA1bits.CREN=1;
   624  0002EE  88AB               	bsf	171,4,c	;volatile
   625  0002F0                     
   626                           ; BSR set to: 15
   627                           ;uart.c: 47:     RCSTA2bits.CREN=1;
   628  0002F0  8871               	bsf	113,4,c	;volatile
   629  0002F2                     
   630                           ; BSR set to: 15
   631  0002F2  0012               	return		;funcret
   632  0002F4                     __end_of_uart_init:
   633                           	callstack 0
   634                           
   635 ;; *************** function _tx2 *****************
   636 ;; Defined at:
   637 ;;		line 55 in file "uart.c"
   638 ;; Parameters:    Size  Location     Type
   639 ;;  data2           1    wreg     unsigned char 
   640 ;; Auto vars:     Size  Location     Type
   641 ;;  data2           1    1[COMRAM] unsigned char 
   642 ;; Return value:  Size  Location     Type
   643 ;;                  1    wreg      void 
   644 ;; Registers used:
   645 ;;		wreg
   646 ;; Tracked objects:
   647 ;;		On entry : 0/0
   648 ;;		On exit  : 0/0
   649 ;;		Unchanged: 0/0
   650 ;; Data sizes:     COMRAM   BANK0   BANK1   BANK2   BANK3   BANK4   BANK5   BANK6   BANK7   BANK8   BANK9  BANK10  BANK1
      +1  BANK12  BANK13  BANK14  BANK15
   651 ;;      Params:         0       0       0       0       0       0       0       0       0       0       0       0       
      +0       0       0       0       0
   652 ;;      Locals:         1       0       0       0       0       0       0       0       0       0       0       0       
      +0       0       0       0       0
   653 ;;      Temps:          0       0       0       0       0       0       0       0       0       0       0       0       
      +0       0       0       0       0
   654 ;;      Totals:         1       0       0       0       0       0       0       0       0       0       0       0       
      +0       0       0       0       0
   655 ;;Total ram usage:        1 bytes
   656 ;; Hardware stack levels used: 1
   657 ;; Hardware stack levels required when called: 2
   658 ;; This function calls:
   659 ;;		Nothing
   660 ;; This function is called by:
   661 ;;		_main
   662 ;; This function uses a non-reentrant model
   663 ;;
   664                           
   665                           	psect	text2
   666  000332                     __ptext2:
   667                           	callstack 0
   668  000332                     _tx2:
   669                           	callstack 28
   670                           
   671                           ; BSR set to: 15
   672                           ;incstack = 0
   673                           ;tx2@data2 stored from wreg
   674  000332  6E08               	movwf	tx2@data2^0,c
   675  000334                     
   676                           ;uart.c: 55: void tx2(char data2);uart.c: 56: {;uart.c: 57:     TXREG2=data2;
   677  000334  C008  FF73         	movff	tx2@data2,3955	;volatile
   678  000338  0012               	return		;funcret
   679  00033A                     __end_of_tx2:
   680                           	callstack 0
   681                           
   682 ;; *************** function _spi_master_init *****************
   683 ;; Defined at:
   684 ;;		line 12 in file "spi_master.c"
   685 ;; Parameters:    Size  Location     Type
   686 ;;		None
   687 ;; Auto vars:     Size  Location     Type
   688 ;;		None
   689 ;; Return value:  Size  Location     Type
   690 ;;                  1    wreg      void 
   691 ;; Registers used:
   692 ;;		wreg, status,2
   693 ;; Tracked objects:
   694 ;;		On entry : 0/0
   695 ;;		On exit  : 0/0
   696 ;;		Unchanged: 0/0
   697 ;; Data sizes:     COMRAM   BANK0   BANK1   BANK2   BANK3   BANK4   BANK5   BANK6   BANK7   BANK8   BANK9  BANK10  BANK1
      +1  BANK12  BANK13  BANK14  BANK15
   698 ;;      Params:         0       0       0       0       0       0       0       0       0       0       0       0       
      +0       0       0       0       0
   699 ;;      Locals:         0       0       0       0       0       0       0       0       0       0       0       0       
      +0       0       0       0       0
   700 ;;      Temps:          0       0       0       0       0       0       0       0       0       0       0       0       
      +0       0       0       0       0
   701 ;;      Totals:         0       0       0       0       0       0       0       0       0       0       0       0       
      +0       0       0       0       0
   702 ;;Total ram usage:        0 bytes
   703 ;; Hardware stack levels used: 1
   704 ;; Hardware stack levels required when called: 2
   705 ;; This function calls:
   706 ;;		Nothing
   707 ;; This function is called by:
   708 ;;		_main
   709 ;; This function uses a non-reentrant model
   710 ;;
   711                           
   712                           	psect	text3
   713  0002F4                     __ptext3:
   714                           	callstack 0
   715  0002F4                     _spi_master_init:
   716                           	callstack 28
   717  0002F4                     
   718                           ;spi_master.c: 14: SSP1STAT=0x00;
   719  0002F4  0E00               	movlw	0
   720  0002F6  6EC7               	movwf	199,c	;volatile
   721                           
   722                           ;spi_master.c: 15: SSP1CON1=0b00100010;
   723  0002F8  0E22               	movlw	34
   724  0002FA  6EC6               	movwf	198,c	;volatile
   725                           
   726                           ;spi_master.c: 16: ADCON0=0x00;
   727  0002FC  0E00               	movlw	0
   728  0002FE  6EC2               	movwf	194,c	;volatile
   729                           
   730                           ;spi_master.c: 17: ADCON1=0x0F;
   731  000300  0E0F               	movlw	15
   732  000302  6EC1               	movwf	193,c	;volatile
   733  000304                     
   734                           ;spi_master.c: 18: TRISBbits.RB2=0;
   735  000304  9493               	bcf	147,2,c	;volatile
   736  000306                     
   737                           ;spi_master.c: 19: TRISBbits.RB3=0;
   738  000306  9693               	bcf	147,3,c	;volatile
   739  000308                     
   740                           ;spi_master.c: 20: TRISBbits.RB4=0;
   741  000308  9893               	bcf	147,4,c	;volatile
   742  00030A                     
   743                           ;spi_master.c: 21: TRISBbits.RB5=0;
   744  00030A  9A93               	bcf	147,5,c	;volatile
   745  00030C                     
   746                           ;spi_master.c: 22: TRISCbits.RC3=0;
   747  00030C  9694               	bcf	148,3,c	;volatile
   748  00030E                     
   749                           ;spi_master.c: 23: TRISCbits.RC4=1;
   750  00030E  8894               	bsf	148,4,c	;volatile
   751  000310                     
   752                           ;spi_master.c: 24: TRISCbits.RC5=0;
   753  000310  9A94               	bcf	148,5,c	;volatile
   754  000312                     
   755                           ;spi_master.c: 25: LATBbits.LATB2=1;
   756  000312  848A               	bsf	138,2,c	;volatile
   757  000314                     
   758                           ;spi_master.c: 26: PORTBbits.RB3=1;
   759  000314  8681               	bsf	129,3,c	;volatile
   760  000316                     
   761                           ;spi_master.c: 27: PORTBbits.RB4=1;
   762  000316  8881               	bsf	129,4,c	;volatile
   763  000318                     
   764                           ;spi_master.c: 28: LATBbits.LATB5=1;
   765  000318  8A8A               	bsf	138,5,c	;volatile
   766  00031A  0012               	return		;funcret
   767  00031C                     __end_of_spi_master_init:
   768                           	callstack 0
   769                           
   770 ;; *************** function _spi_data *****************
   771 ;; Defined at:
   772 ;;		line 31 in file "spi_master.c"
   773 ;; Parameters:    Size  Location     Type
   774 ;;  device          1    wreg     unsigned char 
   775 ;;  tx_data         1    1[COMRAM] unsigned char 
   776 ;; Auto vars:     Size  Location     Type
   777 ;;  device          1    3[COMRAM] unsigned char 
   778 ;;  data_read       1    2[COMRAM] unsigned char 
   779 ;; Return value:  Size  Location     Type
   780 ;;                  1    wreg      unsigned char 
   781 ;; Registers used:
   782 ;;		wreg, status,2, status,0
   783 ;; Tracked objects:
   784 ;;		On entry : 0/0
   785 ;;		On exit  : 0/0
   786 ;;		Unchanged: 0/0
   787 ;; Data sizes:     COMRAM   BANK0   BANK1   BANK2   BANK3   BANK4   BANK5   BANK6   BANK7   BANK8   BANK9  BANK10  BANK1
      +1  BANK12  BANK13  BANK14  BANK15
   788 ;;      Params:         1       0       0       0       0       0       0       0       0       0       0       0       
      +0       0       0       0       0
   789 ;;      Locals:         2       0       0       0       0       0       0       0       0       0       0       0       
      +0       0       0       0       0
   790 ;;      Temps:          0       0       0       0       0       0       0       0       0       0       0       0       
      +0       0       0       0       0
   791 ;;      Totals:         3       0       0       0       0       0       0       0       0       0       0       0       
      +0       0       0       0       0
   792 ;;Total ram usage:        3 bytes
   793 ;; Hardware stack levels used: 1
   794 ;; Hardware stack levels required when called: 2
   795 ;; This function calls:
   796 ;;		Nothing
   797 ;; This function is called by:
   798 ;;		_main
   799 ;; This function uses a non-reentrant model
   800 ;;
   801                           
   802                           	psect	text4
   803  0001E2                     __ptext4:
   804                           	callstack 0
   805  0001E2                     _spi_data:
   806                           	callstack 28
   807                           
   808                           ;incstack = 0
   809                           ;spi_data@device stored from wreg
   810  0001E2  6E0A               	movwf	spi_data@device^0,c
   811  0001E4                     
   812                           ;spi_master.c: 31: unsigned char spi_data(unsigned char device, unsigned char tx_data);s
      +                          pi_master.c: 32: {;spi_master.c: 33: char data_read;;spi_master.c: 34: if(device==0)
   813  0001E4  500A               	movf	spi_data@device^0,w,c
   814  0001E6  A4D8               	btfss	status,2,c
   815  0001E8  EFF8  F000         	goto	u201
   816  0001EC  EFFA  F000         	goto	u200
   817  0001F0                     u201:
   818  0001F0  EF09  F001         	goto	l1088
   819  0001F4                     u200:
   820  0001F4                     
   821                           ;spi_master.c: 35: {;spi_master.c: 36: LATBbits.LATB2=0;
   822  0001F4  948A               	bcf	138,2,c	;volatile
   823                           
   824                           ;spi_master.c: 37: SSP1BUF=tx_data;
   825  0001F6  C008  FFC9         	movff	spi_data@tx_data,4041	;volatile
   826  0001FA                     l156:
   827  0001FA  A0C7               	btfss	199,0,c	;volatile
   828  0001FC  EF02  F001         	goto	u211
   829  000200  EF04  F001         	goto	u210
   830  000204                     u211:
   831  000204  EFFD  F000         	goto	l156
   832  000208                     u210:
   833  000208                     
   834                           ;spi_master.c: 39: LATBbits.LATB2=1;
   835  000208  848A               	bsf	138,2,c	;volatile
   836                           
   837                           ;spi_master.c: 40: data_read=SSP1BUF;
   838  00020A  CFC9 F009          	movff	4041,spi_data@data_read	;volatile
   839                           
   840                           ;spi_master.c: 41: }
   841  00020E  EF50  F001         	goto	l1100
   842  000212                     l1088:
   843  000212  040A               	decf	spi_data@device^0,w,c
   844  000214  A4D8               	btfss	status,2,c
   845  000216  EF0F  F001         	goto	u221
   846  00021A  EF11  F001         	goto	u220
   847  00021E                     u221:
   848  00021E  EF20  F001         	goto	l1092
   849  000222                     u220:
   850  000222                     
   851                           ;spi_master.c: 44: {;spi_master.c: 45: PORTBbits.RB3=0;
   852  000222  9681               	bcf	129,3,c	;volatile
   853                           
   854                           ;spi_master.c: 46: SSP1BUF=tx_data;
   855  000224  C008  FFC9         	movff	spi_data@tx_data,4041	;volatile
   856  000228                     l161:
   857  000228  A0C7               	btfss	199,0,c	;volatile
   858  00022A  EF19  F001         	goto	u231
   859  00022E  EF1B  F001         	goto	u230
   860  000232                     u231:
   861  000232  EF14  F001         	goto	l161
   862  000236                     u230:
   863  000236                     
   864                           ;spi_master.c: 48: PORTBbits.RB3=1;
   865  000236  8681               	bsf	129,3,c	;volatile
   866                           
   867                           ;spi_master.c: 49: data_read=SSP1BUF;
   868  000238  CFC9 F009          	movff	4041,spi_data@data_read	;volatile
   869                           
   870                           ;spi_master.c: 50: }
   871  00023C  EF50  F001         	goto	l1100
   872  000240                     l1092:
   873  000240  0E02               	movlw	2
   874  000242  180A               	xorwf	spi_data@device^0,w,c
   875  000244  A4D8               	btfss	status,2,c
   876  000246  EF27  F001         	goto	u241
   877  00024A  EF29  F001         	goto	u240
   878  00024E                     u241:
   879  00024E  EF38  F001         	goto	l1096
   880  000252                     u240:
   881  000252                     
   882                           ;spi_master.c: 53: {;spi_master.c: 54: PORTBbits.RB4=0;
   883  000252  9881               	bcf	129,4,c	;volatile
   884                           
   885                           ;spi_master.c: 55: SSP1BUF=tx_data;
   886  000254  C008  FFC9         	movff	spi_data@tx_data,4041	;volatile
   887  000258                     l166:
   888  000258  A0C7               	btfss	199,0,c	;volatile
   889  00025A  EF31  F001         	goto	u251
   890  00025E  EF33  F001         	goto	u250
   891  000262                     u251:
   892  000262  EF2C  F001         	goto	l166
   893  000266                     u250:
   894  000266                     
   895                           ;spi_master.c: 57: PORTBbits.RB4=1;
   896  000266  8881               	bsf	129,4,c	;volatile
   897                           
   898                           ;spi_master.c: 58: data_read=SSP1BUF;
   899  000268  CFC9 F009          	movff	4041,spi_data@data_read	;volatile
   900                           
   901                           ;spi_master.c: 59: }
   902  00026C  EF50  F001         	goto	l1100
   903  000270                     l1096:
   904  000270  0E03               	movlw	3
   905  000272  180A               	xorwf	spi_data@device^0,w,c
   906  000274  A4D8               	btfss	status,2,c
   907  000276  EF3F  F001         	goto	u261
   908  00027A  EF41  F001         	goto	u260
   909  00027E                     u261:
   910  00027E  EF50  F001         	goto	l164
   911  000282                     u260:
   912  000282                     
   913                           ;spi_master.c: 62: {;spi_master.c: 63: LATBbits.LATB5=0;
   914  000282  9A8A               	bcf	138,5,c	;volatile
   915                           
   916                           ;spi_master.c: 64: SSP1BUF=tx_data;
   917  000284  C008  FFC9         	movff	spi_data@tx_data,4041	;volatile
   918  000288                     l171:
   919  000288  A0C7               	btfss	199,0,c	;volatile
   920  00028A  EF49  F001         	goto	u271
   921  00028E  EF4B  F001         	goto	u270
   922  000292                     u271:
   923  000292  EF44  F001         	goto	l171
   924  000296                     u270:
   925  000296                     
   926                           ;spi_master.c: 66: LATBbits.LATB5=1;
   927  000296  8A8A               	bsf	138,5,c	;volatile
   928                           
   929                           ;spi_master.c: 67: data_read=SSP1BUF;
   930  000298  CFC9 F009          	movff	4041,spi_data@data_read	;volatile
   931  00029C  EF50  F001         	goto	l1100
   932  0002A0                     l164:
   933  0002A0                     l1100:
   934                           
   935                           ;spi_master.c: 70: return data_read;
   936  0002A0  5009               	movf	spi_data@data_read^0,w,c
   937  0002A2  0012               	return		;funcret
   938  0002A4                     __end_of_spi_data:
   939                           	callstack 0
   940                           
   941 ;; *************** function _UART_ISR *****************
   942 ;; Defined at:
   943 ;;		line 68 in file "uart.c"
   944 ;; Parameters:    Size  Location     Type
   945 ;;		None
   946 ;; Auto vars:     Size  Location     Type
   947 ;;		None
   948 ;; Return value:  Size  Location     Type
   949 ;;                  1    wreg      void 
   950 ;; Registers used:
   951 ;;		wreg, status,2, status,0, cstack
   952 ;; Tracked objects:
   953 ;;		On entry : 0/0
   954 ;;		On exit  : 0/0
   955 ;;		Unchanged: 0/0
   956 ;; Data sizes:     COMRAM   BANK0   BANK1   BANK2   BANK3   BANK4   BANK5   BANK6   BANK7   BANK8   BANK9  BANK10  BANK1
      +1  BANK12  BANK13  BANK14  BANK15
   957 ;;      Params:         0       0       0       0       0       0       0       0       0       0       0       0       
      +0       0       0       0       0
   958 ;;      Locals:         0       0       0       0       0       0       0       0       0       0       0       0       
      +0       0       0       0       0
   959 ;;      Temps:          0       0       0       0       0       0       0       0       0       0       0       0       
      +0       0       0       0       0
   960 ;;      Totals:         0       0       0       0       0       0       0       0       0       0       0       0       
      +0       0       0       0       0
   961 ;;Total ram usage:        0 bytes
   962 ;; Hardware stack levels used: 1
   963 ;; Hardware stack levels required when called: 1
   964 ;; This function calls:
   965 ;;		_tx1
   966 ;; This function is called by:
   967 ;;		Interrupt level 2
   968 ;; This function uses a non-reentrant model
   969 ;;
   970                           
   971                           	psect	intcode
   972  000008                     __pintcode:
   973                           	callstack 0
   974  000008                     _UART_ISR:
   975                           	callstack 28
   976                           
   977                           ;incstack = 0
   978  000008  820C               	bsf	int$flags,1,c	;set compiler interrupt flag (level 2)
   979  00000A                     
   980                           ;uart.c: 70:     if(RC1IF)
   981  00000A  AA9E               	btfss	3998,5,c	;volatile
   982  00000C  EF0A  F000         	goto	i2u37_41
   983  000010  EF0C  F000         	goto	i2u37_40
   984  000014                     i2u37_41:
   985  000014  EF26  F000         	goto	i2l1192
   986  000018                     i2u37_40:
   987  000018                     
   988                           ;uart.c: 71:     {;uart.c: 72:         y=RCREG1;
   989  000018  CFAE F006          	movff	4014,_y	;volatile
   990  00001C                     
   991                           ;uart.c: 73:         z=0;
   992  00001C  0E00               	movlw	0
   993  00001E  6E02               	movwf	(_z+1)^0,c	;volatile
   994  000020  0E00               	movlw	0
   995  000022  6E01               	movwf	_z^0,c	;volatile
   996  000024                     
   997                           ;uart.c: 74:         if(y==a)
   998  000024  5004               	movf	_a^0,w,c	;volatile
   999  000026  1806               	xorwf	_y^0,w,c	;volatile
  1000  000028  A4D8               	btfss	status,2,c
  1001  00002A  EF19  F000         	goto	i2u38_41
  1002  00002E  EF1B  F000         	goto	i2u38_40
  1003  000032                     i2u38_41:
  1004  000032  EF22  F000         	goto	i2l127
  1005  000036                     i2u38_40:
  1006  000036                     
  1007                           ;uart.c: 75:         {;uart.c: 76:             tx1(0);
  1008  000036  0E00               	movlw	0
  1009  000038  EC9D  F001         	call	_tx1
  1010  00003C                     
  1011                           ;uart.c: 77:             b=0;
  1012  00003C  0E00               	movlw	0
  1013  00003E  6E05               	movwf	_b^0,c	;volatile
  1014                           
  1015                           ;uart.c: 78:         }
  1016  000040  EF26  F000         	goto	i2l1192
  1017  000044                     i2l127:
  1018                           
  1019                           ;uart.c: 80:         {;uart.c: 81:             a=y;
  1020  000044  C006  F004         	movff	_y,_a	;volatile
  1021  000048                     
  1022                           ;uart.c: 82:             b=1;
  1023  000048  0E01               	movlw	1
  1024  00004A  6E05               	movwf	_b^0,c	;volatile
  1025  00004C                     i2l1192:
  1026                           
  1027                           ;uart.c: 86:     RC1IF=0;
  1028  00004C  9A9E               	bcf	3998,5,c	;volatile
  1029  00004E  920C               	bcf	int$flags,1,c	;clear compiler interrupt flag (level 2)
  1030  000050  0011               	retfie		f
  1031  000052                     __end_of_UART_ISR:
  1032                           	callstack 0
  1033                           
  1034 ;; *************** function _tx1 *****************
  1035 ;; Defined at:
  1036 ;;		line 50 in file "uart.c"
  1037 ;; Parameters:    Size  Location     Type
  1038 ;;  data1           1    wreg     unsigned char 
  1039 ;; Auto vars:     Size  Location     Type
  1040 ;;  data1           1    0[COMRAM] unsigned char 
  1041 ;; Return value:  Size  Location     Type
  1042 ;;                  1    wreg      void 
  1043 ;; Registers used:
  1044 ;;		wreg
  1045 ;; Tracked objects:
  1046 ;;		On entry : 0/0
  1047 ;;		On exit  : 0/0
  1048 ;;		Unchanged: 0/0
  1049 ;; Data sizes:     COMRAM   BANK0   BANK1   BANK2   BANK3   BANK4   BANK5   BANK6   BANK7   BANK8   BANK9  BANK10  BANK1
      +1  BANK12  BANK13  BANK14  BANK15
  1050 ;;      Params:         0       0       0       0       0       0       0       0       0       0       0       0       
      +0       0       0       0       0
  1051 ;;      Locals:         1       0       0       0       0       0       0       0       0       0       0       0       
      +0       0       0       0       0
  1052 ;;      Temps:          0       0       0       0       0       0       0       0       0       0       0       0       
      +0       0       0       0       0
  1053 ;;      Totals:         1       0       0       0       0       0       0       0       0       0       0       0       
      +0       0       0       0       0
  1054 ;;Total ram usage:        1 bytes
  1055 ;; Hardware stack levels used: 1
  1056 ;; This function calls:
  1057 ;;		Nothing
  1058 ;; This function is called by:
  1059 ;;		_UART_ISR
  1060 ;; This function uses a non-reentrant model
  1061 ;;
  1062                           
  1063                           	psect	text6
  1064  00033A                     __ptext6:
  1065                           	callstack 0
  1066  00033A                     _tx1:
  1067                           	callstack 28
  1068                           
  1069                           ;incstack = 0
  1070                           ;tx1@data1 stored from wreg
  1071  00033A  6E07               	movwf	tx1@data1^0,c
  1072  00033C                     
  1073                           ;uart.c: 50: void tx1(char data1);uart.c: 51: {;uart.c: 52:     TXREG1=data1;
  1074  00033C  C007  FFAD         	movff	tx1@data1,4013	;volatile
  1075  000340  0012               	return		;funcret
  1076  000342                     __end_of_tx1:
  1077                           	callstack 0
  1078  0000                     
  1079                           	psect	rparam
  1080  0000                     
  1081                           	psect	temp
  1082  00000C                     btemp:
  1083                           	callstack 0
  1084  00000C                     	ds	1
  1085  0000                     int$flags	set	btemp
  1086  0000                     wtemp8	set	btemp+1
  1087  0000                     ttemp5	set	btemp+1
  1088  0000                     ttemp6	set	btemp+4
  1089  0000                     ttemp7	set	btemp+8
  1090                           
  1091                           	psect	idloc
  1092                           
  1093                           ;Config register IDLOC0 @ 0x200000
  1094                           ;	unspecified, using default values
  1095  200000                     	org	2097152
  1096  200000  FF                 	db	255
  1097                           
  1098                           ;Config register IDLOC1 @ 0x200001
  1099                           ;	unspecified, using default values
  1100  200001                     	org	2097153
  1101  200001  FF                 	db	255
  1102                           
  1103                           ;Config register IDLOC2 @ 0x200002
  1104                           ;	unspecified, using default values
  1105  200002                     	org	2097154
  1106  200002  FF                 	db	255
  1107                           
  1108                           ;Config register IDLOC3 @ 0x200003
  1109                           ;	unspecified, using default values
  1110  200003                     	org	2097155
  1111  200003  FF                 	db	255
  1112                           
  1113                           ;Config register IDLOC4 @ 0x200004
  1114                           ;	unspecified, using default values
  1115  200004                     	org	2097156
  1116  200004  FF                 	db	255
  1117                           
  1118                           ;Config register IDLOC5 @ 0x200005
  1119                           ;	unspecified, using default values
  1120  200005                     	org	2097157
  1121  200005  FF                 	db	255
  1122                           
  1123                           ;Config register IDLOC6 @ 0x200006
  1124                           ;	unspecified, using default values
  1125  200006                     	org	2097158
  1126  200006  FF                 	db	255
  1127                           
  1128                           ;Config register IDLOC7 @ 0x200007
  1129                           ;	unspecified, using default values
  1130  200007                     	org	2097159
  1131  200007  FF                 	db	255
  1132                           
  1133                           	psect	config
  1134                           
  1135                           ; Padding undefined space
  1136  300000                     	org	3145728
  1137  300000  FF                 	db	255
  1138                           
  1139                           ;Config register CONFIG1H @ 0x300001
  1140                           ;	Oscillator Selection bits
  1141                           ;	FOSC = HSHP, HS oscillator (high power > 16 MHz)
  1142                           ;	4X PLL Enable
  1143                           ;	PLLCFG = ON, Oscillator multiplied by 4
  1144                           ;	Primary clock enable bit
  1145                           ;	PRICLKEN = ON, Primary clock is always enabled
  1146                           ;	Fail-Safe Clock Monitor Enable bit
  1147                           ;	FCMEN = OFF, Fail-Safe Clock Monitor disabled
  1148                           ;	Internal/External Oscillator Switchover bit
  1149                           ;	IESO = OFF, Oscillator Switchover mode disabled
  1150  300001                     	org	3145729
  1151  300001  32                 	db	50
  1152                           
  1153                           ;Config register CONFIG2L @ 0x300002
  1154                           ;	Power-up Timer Enable bit
  1155                           ;	PWRTEN = OFF, Power up timer disabled
  1156                           ;	Brown-out Reset Enable bits
  1157                           ;	BOREN = OFF, Brown-out Reset disabled in hardware and software
  1158                           ;	Brown Out Reset Voltage bits
  1159                           ;	BORV = 0x3, unprogrammed default
  1160  300002                     	org	3145730
  1161  300002  19                 	db	25
  1162                           
  1163                           ;Config register CONFIG2H @ 0x300003
  1164                           ;	Watchdog Timer Enable bits
  1165                           ;	WDTEN = OFF, Watch dog timer is always disabled. SWDTEN has no effect.
  1166                           ;	Watchdog Timer Postscale Select bits
  1167                           ;	WDTPS = 0xF, unprogrammed default
  1168  300003                     	org	3145731
  1169  300003  3C                 	db	60
  1170                           
  1171                           ; Padding undefined space
  1172  300004                     	org	3145732
  1173  300004  FF                 	db	255
  1174                           
  1175                           ;Config register CONFIG3H @ 0x300005
  1176                           ;	CCP2 MUX bit
  1177                           ;	CCP2MX = PORTC1, CCP2 input/output is multiplexed with RC1
  1178                           ;	PORTB A/D Enable bit
  1179                           ;	PBADEN = OFF, PORTB<5:0> pins are configured as digital I/O on Reset
  1180                           ;	P3A/CCP3 Mux bit
  1181                           ;	CCP3MX = PORTE0, P3A/CCP3 input/output is mulitplexed with RE0
  1182                           ;	HFINTOSC Fast Start-up
  1183                           ;	HFOFST = OFF, HFINTOSC output and ready status are delayed by the oscillator stable st
      +                          atus
  1184                           ;	Timer3 Clock input mux bit
  1185                           ;	T3CMX = PORTC0, T3CKI is on RC0
  1186                           ;	ECCP2 B output mux bit
  1187                           ;	P2BMX = PORTC0, P2B is on RC0
  1188                           ;	MCLR Pin Enable bit
  1189                           ;	MCLRE = EXTMCLR, MCLR pin enabled, RE3 input pin disabled
  1190  300005                     	org	3145733
  1191  300005  91                 	db	145
  1192                           
  1193                           ;Config register CONFIG4L @ 0x300006
  1194                           ;	Stack Full/Underflow Reset Enable bit
  1195                           ;	STVREN = ON, Stack full/underflow will cause Reset
  1196                           ;	Single-Supply ICSP Enable bit
  1197                           ;	LVP = OFF, Single-Supply ICSP disabled
  1198                           ;	Extended Instruction Set Enable bit
  1199                           ;	XINST = 0x0, unprogrammed default
  1200                           ;	Background Debug
  1201                           ;	DEBUG = OFF, Disabled
  1202  300006                     	org	3145734
  1203  300006  81                 	db	129
  1204                           
  1205                           ; Padding undefined space
  1206  300007                     	org	3145735
  1207  300007  FF                 	db	255
  1208                           
  1209                           ;Config register CONFIG5L @ 0x300008
  1210                           ;	Code Protection Block 0
  1211                           ;	CP0 = OFF, Block 0 (000800-003FFFh) not code-protected
  1212                           ;	Code Protection Block 1
  1213                           ;	CP1 = OFF, Block 1 (004000-007FFFh) not code-protected
  1214                           ;	Code Protection Block 2
  1215                           ;	CP2 = OFF, Block 2 (008000-00BFFFh) not code-protected
  1216                           ;	Code Protection Block 3
  1217                           ;	CP3 = OFF, Block 3 (00C000-00FFFFh) not code-protected
  1218  300008                     	org	3145736
  1219  300008  0F                 	db	15
  1220                           
  1221                           ;Config register CONFIG5H @ 0x300009
  1222                           ;	Boot Block Code Protection bit
  1223                           ;	CPB = OFF, Boot block (000000-0007FFh) not code-protected
  1224                           ;	Data EEPROM Code Protection bit
  1225                           ;	CPD = OFF, Data EEPROM not code-protected
  1226  300009                     	org	3145737
  1227  300009  C0                 	db	192
  1228                           
  1229                           ;Config register CONFIG6L @ 0x30000A
  1230                           ;	Write Protection Block 0
  1231                           ;	WRT0 = OFF, Block 0 (000800-003FFFh) not write-protected
  1232                           ;	Write Protection Block 1
  1233                           ;	WRT1 = OFF, Block 1 (004000-007FFFh) not write-protected
  1234                           ;	Write Protection Block 2
  1235                           ;	WRT2 = OFF, Block 2 (008000-00BFFFh) not write-protected
  1236                           ;	Write Protection Block 3
  1237                           ;	WRT3 = OFF, Block 3 (00C000-00FFFFh) not write-protected
  1238  30000A                     	org	3145738
  1239  30000A  0F                 	db	15
  1240                           
  1241                           ;Config register CONFIG6H @ 0x30000B
  1242                           ;	Configuration Register Write Protection bit
  1243                           ;	WRTC = OFF, Configuration registers (300000-3000FFh) not write-protected
  1244                           ;	Boot Block Write Protection bit
  1245                           ;	WRTB = OFF, Boot Block (000000-0007FFh) not write-protected
  1246                           ;	Data EEPROM Write Protection bit
  1247                           ;	WRTD = OFF, Data EEPROM not write-protected
  1248  30000B                     	org	3145739
  1249  30000B  E0                 	db	224
  1250                           
  1251                           ;Config register CONFIG7L @ 0x30000C
  1252                           ;	Table Read Protection Block 0
  1253                           ;	EBTR0 = OFF, Block 0 (000800-003FFFh) not protected from table reads executed in other
      +                           blocks
  1254                           ;	Table Read Protection Block 1
  1255                           ;	EBTR1 = OFF, Block 1 (004000-007FFFh) not protected from table reads executed in other
      +                           blocks
  1256                           ;	Table Read Protection Block 2
  1257                           ;	EBTR2 = OFF, Block 2 (008000-00BFFFh) not protected from table reads executed in other
      +                           blocks
  1258                           ;	Table Read Protection Block 3
  1259                           ;	EBTR3 = OFF, Block 3 (00C000-00FFFFh) not protected from table reads executed in other
      +                           blocks
  1260  30000C                     	org	3145740
  1261  30000C  0F                 	db	15
  1262                           
  1263                           ;Config register CONFIG7H @ 0x30000D
  1264                           ;	Boot Block Table Read Protection bit
  1265                           ;	EBTRB = OFF, Boot Block (000000-0007FFh) not protected from table reads executed in ot
      +                          her blocks
  1266  30000D                     	org	3145741
  1267  30000D  40                 	db	64
  1268                           tosu	equ	0xFFF
  1269                           tosh	equ	0xFFE
  1270                           tosl	equ	0xFFD
  1271                           stkptr	equ	0xFFC
  1272                           pclatu	equ	0xFFB
  1273                           pclath	equ	0xFFA
  1274                           pcl	equ	0xFF9
  1275                           tblptru	equ	0xFF8
  1276                           tblptrh	equ	0xFF7
  1277                           tblptrl	equ	0xFF6
  1278                           tablat	equ	0xFF5
  1279                           prodh	equ	0xFF4
  1280                           prodl	equ	0xFF3
  1281                           indf0	equ	0xFEF
  1282                           postinc0	equ	0xFEE
  1283                           postdec0	equ	0xFED
  1284                           preinc0	equ	0xFEC
  1285                           plusw0	equ	0xFEB
  1286                           fsr0h	equ	0xFEA
  1287                           fsr0l	equ	0xFE9
  1288                           wreg	equ	0xFE8
  1289                           indf1	equ	0xFE7
  1290                           postinc1	equ	0xFE6
  1291                           postdec1	equ	0xFE5
  1292                           preinc1	equ	0xFE4
  1293                           plusw1	equ	0xFE3
  1294                           fsr1h	equ	0xFE2
  1295                           fsr1l	equ	0xFE1
  1296                           bsr	equ	0xFE0
  1297                           indf2	equ	0xFDF
  1298                           postinc2	equ	0xFDE
  1299                           postdec2	equ	0xFDD
  1300                           preinc2	equ	0xFDC
  1301                           plusw2	equ	0xFDB
  1302                           fsr2h	equ	0xFDA
  1303                           fsr2l	equ	0xFD9
  1304                           status	equ	0xFD8

Data Sizes:
    Strings     0
    Constant    0
    Data        0
    BSS         6
    Persistent  0
    Stack       0

Auto Spaces:
    Space          Size  Autos    Used
    COMRAM           94      5      11
    BANK0           160      0       0
    BANK1           256      0       0
    BANK2           256      0       0
    BANK3           256      0       0
    BANK4           256      0       0
    BANK5           256      0       0
    BANK6           256      0       0
    BANK7           256      0       0
    BANK8           256      0       0
    BANK9           256      0       0
    BANK10          256      0       0
    BANK11          256      0       0
    BANK12          256      0       0
    BANK13          256      0       0
    BANK14          256      0       0
    BANK15           56      0       0

Pointer List with Targets:

    None.

Critical Paths under _main in COMRAM

    _main->_spi_data

Critical Paths under _UART_ISR in COMRAM

    _UART_ISR->_tx1

Critical Paths under _main in BANK0

    None.

Critical Paths under _UART_ISR in BANK0

    None.

Critical Paths under _main in BANK1

    None.

Critical Paths under _UART_ISR in BANK1

    None.

Critical Paths under _main in BANK2

    None.

Critical Paths under _UART_ISR in BANK2

    None.

Critical Paths under _main in BANK3

    None.

Critical Paths under _UART_ISR in BANK3

    None.

Critical Paths under _main in BANK4

    None.

Critical Paths under _UART_ISR in BANK4

    None.

Critical Paths under _main in BANK5

    None.

Critical Paths under _UART_ISR in BANK5

    None.

Critical Paths under _main in BANK6

    None.

Critical Paths under _UART_ISR in BANK6

    None.

Critical Paths under _main in BANK7

    None.

Critical Paths under _UART_ISR in BANK7

    None.

Critical Paths under _main in BANK8

    None.

Critical Paths under _UART_ISR in BANK8

    None.

Critical Paths under _main in BANK9

    None.

Critical Paths under _UART_ISR in BANK9

    None.

Critical Paths under _main in BANK10

    None.

Critical Paths under _UART_ISR in BANK10

    None.

Critical Paths under _main in BANK11

    None.

Critical Paths under _UART_ISR in BANK11

    None.

Critical Paths under _main in BANK12

    None.

Critical Paths under _UART_ISR in BANK12

    None.

Critical Paths under _main in BANK13

    None.

Critical Paths under _UART_ISR in BANK13

    None.

Critical Paths under _main in BANK14

    None.

Critical Paths under _UART_ISR in BANK14

    None.

Critical Paths under _main in BANK15

    None.

Critical Paths under _UART_ISR in BANK15

    None.

Call Graph Tables:

 ---------------------------------------------------------------------------------
 (Depth) Function   	        Calls       Base Space   Used Autos Params    Refs
 ---------------------------------------------------------------------------------
 (0) _main                                                 1     1      0     376
                                              4 COMRAM     1     1      0
                           _spi_data
                    _spi_master_init
                                _tx2
                          _uart_init
 ---------------------------------------------------------------------------------
 (1) _uart_init                                            0     0      0       0
 ---------------------------------------------------------------------------------
 (1) _tx2                                                  1     1      0      22
                                              1 COMRAM     1     1      0
 ---------------------------------------------------------------------------------
 (1) _spi_master_init                                      0     0      0       0
 ---------------------------------------------------------------------------------
 (1) _spi_data                                             3     2      1     354
                                              1 COMRAM     3     2      1
 ---------------------------------------------------------------------------------
 Estimated maximum stack depth 1
 ---------------------------------------------------------------------------------
 (Depth) Function   	        Calls       Base Space   Used Autos Params    Refs
 ---------------------------------------------------------------------------------
 (2) _UART_ISR                                             0     0      0      22
                                _tx1
 ---------------------------------------------------------------------------------
 (3) _tx1                                                  1     1      0      22
                                              0 COMRAM     1     1      0
 ---------------------------------------------------------------------------------
 Estimated maximum stack depth 3
 ---------------------------------------------------------------------------------

 Call Graph Graphs:

 _main (ROOT)
   _spi_data
   _spi_master_init
   _tx2
   _uart_init

 _UART_ISR (ROOT)
   _tx1

 Address spaces:
Name               Size   Autos  Total    Cost      Usage
BIGRAM             F37      0       0      53        0.0%
EEDATA             400      0       0       0        0.0%
BITBANK14          100      0       0      34        0.0%
BANK14             100      0       0      32        0.0%
BITBANK13          100      0       0      30        0.0%
BANK13             100      0       0      31        0.0%
BITBANK12          100      0       0      28        0.0%
BANK12             100      0       0      29        0.0%
BITBANK11          100      0       0      26        0.0%
BANK11             100      0       0      27        0.0%
BITBANK10          100      0       0      24        0.0%
BANK10             100      0       0      25        0.0%
BITBANK9           100      0       0      22        0.0%
BANK9              100      0       0      23        0.0%
BITBANK8           100      0       0      20        0.0%
BANK8              100      0       0      21        0.0%
BITBANK7           100      0       0      18        0.0%
BANK7              100      0       0      19        0.0%
BITBANK6           100      0       0      16        0.0%
BANK6              100      0       0      17        0.0%
BITBANK5           100      0       0      14        0.0%
BANK5              100      0       0      15        0.0%
BITBANK4           100      0       0      12        0.0%
BANK4              100      0       0      13        0.0%
BITBANK3           100      0       0      10        0.0%
BANK3              100      0       0      11        0.0%
BITBANK2           100      0       0       8        0.0%
BANK2              100      0       0       9        0.0%
BITBANK1           100      0       0       6        0.0%
BANK1              100      0       0       7        0.0%
BITBANK0            A0      0       0       4        0.0%
BANK0               A0      0       0       5        0.0%
BITCOMRAM           5E      0       0       0        0.0%
COMRAM              5E      5       B       1       11.7%
BITBANK15           38      0       0      35        0.0%
BANK15              38      0       0      36        0.0%
BITBIGSFRlll        33      0       0      52        0.0%
BITBIGSFRhhhhhh     21      0       0      38        0.0%
BITBIGSFRhhhhhh      D      0       0      37        0.0%
BITBIGSFRhhhlh       C      0       0      44        0.0%
BITBIGSFRhhhhhl      8      0       0      42        0.0%
BITBIGSFRhlhhh       7      0       0      46        0.0%
BITBIGSFRhhhhlh      7      0       0      43        0.0%
BITBIGSFRhhhll       7      0       0      45        0.0%
BITBIGSFRhhhhhl      6      0       0      39        0.0%
BITBIGSFRhlhhl       6      0       0      47        0.0%
BITBIGSFRhll         6      0       0      49        0.0%
BITBIGSFRhhhhhl      3      0       0      41        0.0%
BITBIGSFRhhhhhl      1      0       0      40        0.0%
BITBIGSFRlhh         1      0       0      50        0.0%
BITBIGSFRlhl         1      0       0      51        0.0%
BITBIGSFRhlhl        1      0       0      48        0.0%
BIGSFR               0      0       0     200        0.0%
BITSFR_1             0      0       0     200        0.0%
SFR_1                0      0       0     200        0.0%
BITSFR               0      0       0     200        0.0%
SFR                  0      0       0     200        0.0%
STACK                0      0       0       2        0.0%
NULL                 0      0       0       0        0.0%
ABS                  0      0       B      33        0.0%
DATA                 0      0       B       3        0.0%
CODE                 0      0       0       0        0.0%


Microchip Technology PIC18 Macro Assembler V2.36 build 20220127204148 
Symbol Table                                                                                   Fri Jun 10 23:18:02 2022

                      _a 0004                        _b 0005                        _x 0003  
                      _y 0006                        _z 0001                       l38 00D2  
                     l47 01B2                      l121 0338                      l115 02F2  
                    l152 031A                      l161 0228                      l171 0288  
                    l163 0236                      l164 02A0                      l156 01FA  
                    l173 0296                      l174 02A2                      l166 0258  
                    l158 0208                      l168 0266                      u200 01F4  
                    u201 01F0                      u210 0208                      u211 0204  
                    u220 0222                      u300 0106                      u221 021E  
                    u301 0102                      u230 0236                      u310 0120  
                    u231 0232                      u311 011C                      u240 0252  
                    u320 013A                      u241 024E                      u321 0136  
                    u250 0266                      u330 0154                      u251 0262  
                    u331 0150                      u260 0282                      u340 0190  
                    u261 027E                      u341 018C                      u270 0296  
                    u350 01AA                      u271 0292                      u351 01A6  
                    u407 0086                      u360 01CE                      u280 00BE  
                    u361 01CA                      u417 015E                      u281 00BA  
                    u290 00E2                      u427 016C                      u291 00DE  
                    u397 0078           spi_data@device 000A                      _tx1 033A  
                    _tx2 0332                      wreg 000FE8               _TXSTA1bits 000FAC  
             _TXSTA2bits 000F72                     l1100 02A0                     l1020 02F4  
                   l1030 030C                     l1022 0304                     l1110 005A  
                   l1040 0316                     l1032 030E                     l1024 0306  
                   l1104 0334                     l1120 006E                     l1112 005E  
                   l1042 0318                     l1034 0310                     l1026 0308  
                   l1050 02BE                     l1130 00A4                     l1122 0072  
                   l1114 0062                     l1036 0312                     l1028 030A  
                   l1060 02D8                     l1052 02C0                     l1044 02A4  
                   l1140 00F4                     l1132 00A8                     l1124 0080  
                   l1116 0066                     l1108 0056                     l1038 0314  
                   l1070 02E2                     l1062 02DA                     l1054 02D2  
                   l1046 02BA                     l1150 013A                     l1142 0106  
                   l1134 00BE                     l1126 0090                     l1118 006A  
                   l1080 02EE                     l1072 02E4                     l1064 02DC  
                   l1056 02D4                     l1048 02BC                     l1160 017E  
                   l1152 0142                     l1144 010E                     l1136 00E2  
                   l1128 0094                     l1090 0222                     l1082 02F0  
                   l1074 02E6                     l1066 02DE                     l1058 02D6  
                   l1170 01AA                     l1162 0190                     l1154 0154  
                   l1146 0120                     l1138 00EE                     l1092 0240  
                   l1084 01E4                     l1076 02E8                     l1068 02E0  
                   l1156 0158                     l1148 0128                     l1172 01B2  
                   l1094 0252                     l1086 01F4                     l1078 02EA  
                   l1174 01B6                     l1158 0166                     l1096 0270  
                   l1088 0212                     l1176 01CE                     l1168 0198  
                   l1098 0282                     ?_tx1 0007                     ?_tx2 0007  
                   _IPEN 007E87                     _main 0056                     btemp 000C  
                   start 0052             ___param_bank 000000          spi_data@tx_data 0008  
                  ??_tx1 0007                    ??_tx2 0008             _BAUDCON1bits 000FB8  
           _BAUDCON2bits 000F70                    ?_main 0007                    _RC1IE 007CED  
                  _RC1IF 007CF5                    i2l118 0340                    i2l127 0044  
                  i2l129 004E                    _PORTA 000F80                    _PORTD 000F83  
                  _TRISA 000F92                    _TRISD 000F95         __end_of_UART_ISR 0052  
                  ttemp5 000D                    ttemp6 0010                    ttemp7 0014  
                  status 000FD8                    wtemp8 000D          __initialization 031C  
           __end_of_main 01E2                   ??_main 000B            __activetblptr 000000  
                 _ADCON0 000FC2                   _ADCON1 000FC1                   _ANSELA 000F38  
                 _ANSELB 000F39                   _ANSELC 000F3A                   _ANSELD 000F3B  
                 _ANSELE 000F3C                   i2l1106 033C                   i2l1180 0018  
                 i2l1190 0048                   i2l1182 001C                   i2l1184 0024  
                 i2l1192 004C                   i2l1186 0036                   i2l1178 000A  
                 i2l1188 003C                   _INTCON 000FF2                   _RCREG1 000FAE  
                 _SPBRG1 000FAF                   _SPBRG2 000F75                   _TXREG1 000FAD  
                 _TXREG2 000F73        spi_data@data_read 0009                   isa$std 000001  
       __end_of_spi_data 02A4               __accesstop 0060  __end_of__initialization 0328  
          ___rparam_used 000001           __pcstackCOMRAM 0007                ?_UART_ISR 0007  
             ??_UART_ISR 0008                  i2u37_40 0018                  i2u37_41 0014  
                i2u38_40 0036                  i2u38_41 0032                  _SPBRGH1 000FB0  
                _SPBRGH2 000F76                  _SSP1BUF 000FC9                  __Hparam 0000  
                __Lparam 0000                ?_spi_data 0008                  __pcinit 031C  
                __ramtop 1000                  __ptext0 0056                  __ptext1 02A4  
                __ptext2 0332                  __ptext3 02F4                  __ptext4 01E2  
                __ptext6 033A     end_of_initialization 0328        __end_of_uart_init 02F4  
             ??_spi_data 0009        ??_spi_master_init 0008                _PORTBbits 000F81  
              _TRISBbits 000F93                _TRISCbits 000F94                _TRISDbits 000F95  
            _CM1CON0bits 000F79              _CM2CON0bits 000F78      start_initialization 031C  
            __end_of_tx1 0342              __end_of_tx2 033A              __pbssCOMRAM 0001  
              __pintcode 0008          _spi_master_init 02F4                 _LATBbits 000F8A  
               _UART_ISR 0008                _uart_init 02A4                 _SSP1CON1 000FC6  
               _SSP1STAT 000FC7                 __Hrparam 0000                 __Lrparam 0000  
             ?_uart_init 0007  __end_of_spi_master_init 031C                 isa$xinst 000000  
               _spi_data 01E2                 int$flags 000C             _SSP1STATbits 000FC7  
               tx1@data1 0007                 tx2@data2 0008                 intlevel2 0000  
             _RCSTA1bits 000FAB               _RCSTA2bits 000F71              ??_uart_init 0008  
       ?_spi_master_init 0007  
